
=== Fri Dec  6 01:59:50 2019

Packages were changed.
Update Mode: updateDependencies

The following packages were updated:
  com.unity.ide.vscode from version 1.1.2 to 1.1.3

=== Wed Jan 29 09:16:47 2020

Packages were changed.
Update Mode: updateDependencies

The following packages were updated:
  com.unity.ide.rider from version 1.1.0 to 1.1.4
  com.unity.ide.vscode from version 1.1.3 to 1.1.4
  com.unity.test-framework from version 1.0.13 to 1.1.9
  com.unity.timeline from version 1.1.0 to 1.2.10
The following packages were removed:
  com.unity.package-manager-ui@2.2.0

=== Sun Mar 15 09:32:15 2020

Packages were changed.
Update Mode: updateDependencies

The following packages were updated:
  com.unity.test-framework from version 1.1.9 to 1.1.11

=== Sun Sep 26 04:27:32 2021

Packages were changed.
Update Mode: updateDependencies

The following packages were added:
  com.unity.ide.visualstudio@2.0.11
The following packages were updated:
  com.unity.collab-proxy from version 1.2.16 to 1.9.0
  com.unity.ext.nunit from version 1.0.0 to 1.0.6
  com.unity.ide.rider from version 1.1.4 to 3.0.7
  com.unity.ide.vscode from version 1.1.4 to 1.2.4
  com.unity.test-framework from version 1.1.11 to 1.1.29
  com.unity.textmeshpro from version 2.0.1 to 3.0.6
  com.unity.timeline from version 1.2.10 to 1.5.6

=== Mon Jun 26 15:36:20 2023

Packages were changed.
Update Mode: updateDependencies

The following packages were added:
  com.unity.ai.navigation@1.1.3
The following packages were updated:
  com.unity.collab-proxy from version 1.9.0 to 2.0.5
  com.unity.ext.nunit from version 1.0.6 to 2.0.3
  com.unity.ide.rider from version 3.0.7 to 3.0.24
  com.unity.ide.visualstudio from version 2.0.11 to 2.0.18
  com.unity.test-framework from version 1.1.29 to 1.3.7
  com.unity.timeline from version 1.5.6 to 1.8.2
